{"total": {"lines":{"total":80,"covered":77,"skipped":0,"pct":96.25},"statements":{"total":85,"covered":80,"skipped":0,"pct":94.12},"functions":{"total":20,"covered":18,"skipped":0,"pct":90},"branches":{"total":26,"covered":18,"skipped":0,"pct":69.23}}
,"/home/cervantes/forge/peppa/lib/index.js": {"lines":{"total":9,"covered":9,"skipped":0,"pct":100},"functions":{"total":5,"covered":3,"skipped":0,"pct":60},"statements":{"total":14,"covered":12,"skipped":0,"pct":85.71},"branches":{"total":0,"covered":0,"skipped":0,"pct":100}}
,"/home/cervantes/forge/peppa/lib/adapter/adapter.js": {"lines":{"total":27,"covered":27,"skipped":0,"pct":100},"functions":{"total":7,"covered":7,"skipped":0,"pct":100},"statements":{"total":27,"covered":27,"skipped":0,"pct":100},"branches":{"total":16,"covered":11,"skipped":0,"pct":68.75}}
,"/home/cervantes/forge/peppa/lib/model/model.js": {"lines":{"total":14,"covered":14,"skipped":0,"pct":100},"functions":{"total":5,"covered":5,"skipped":0,"pct":100},"statements":{"total":14,"covered":14,"skipped":0,"pct":100},"branches":{"total":0,"covered":0,"skipped":0,"pct":100}}
,"/home/cervantes/forge/peppa/lib/schema/schema.js": {"lines":{"total":21,"covered":18,"skipped":0,"pct":85.71},"functions":{"total":2,"covered":2,"skipped":0,"pct":100},"statements":{"total":21,"covered":18,"skipped":0,"pct":85.71},"branches":{"total":10,"covered":7,"skipped":0,"pct":70}}
,"/home/cervantes/forge/peppa/lib/utils/extract-connection-string.js": {"lines":{"total":9,"covered":9,"skipped":0,"pct":100},"functions":{"total":1,"covered":1,"skipped":0,"pct":100},"statements":{"total":9,"covered":9,"skipped":0,"pct":100},"branches":{"total":0,"covered":0,"skipped":0,"pct":100}}
}
