{"/home/cervantes/forge/peppa/lib/index.js": {"path":"/home/cervantes/forge/peppa/lib/index.js","statementMap":{"0":{"start":{"line":2,"column":0},"end":{"line":2,"column":62}},"1":{"start":{"line":3,"column":16},"end":{"line":3,"column":44}},"2":{"start":{"line":4,"column":0},"end":{"line":4,"column":112}},"3":{"start":{"line":4,"column":81},"end":{"line":4,"column":106}},"4":{"start":{"line":5,"column":0},"end":{"line":5,"column":124}},"5":{"start":{"line":5,"column":87},"end":{"line":5,"column":118}},"6":{"start":{"line":6,"column":0},"end":{"line":6,"column":128}},"7":{"start":{"line":6,"column":89},"end":{"line":6,"column":122}},"8":{"start":{"line":7,"column":14},"end":{"line":7,"column":38}},"9":{"start":{"line":8,"column":0},"end":{"line":8,"column":118}},"10":{"start":{"line":8,"column":85},"end":{"line":8,"column":112}},"11":{"start":{"line":9,"column":15},"end":{"line":9,"column":41}},"12":{"start":{"line":10,"column":0},"end":{"line":10,"column":125}},"13":{"start":{"line":10,"column":88},"end":{"line":10,"column":119}}},"fnMap":{"0":{"name":"(anonymous_0)","decl":{"start":{"line":4,"column":67},"end":{"line":4,"column":68}},"loc":{"start":{"line":4,"column":79},"end":{"line":4,"column":108}},"line":4},"1":{"name":"(anonymous_1)","decl":{"start":{"line":5,"column":73},"end":{"line":5,"column":74}},"loc":{"start":{"line":5,"column":85},"end":{"line":5,"column":120}},"line":5},"2":{"name":"(anonymous_2)","decl":{"start":{"line":6,"column":75},"end":{"line":6,"column":76}},"loc":{"start":{"line":6,"column":87},"end":{"line":6,"column":124}},"line":6},"3":{"name":"(anonymous_3)","decl":{"start":{"line":8,"column":71},"end":{"line":8,"column":72}},"loc":{"start":{"line":8,"column":83},"end":{"line":8,"column":114}},"line":8},"4":{"name":"(anonymous_4)","decl":{"start":{"line":10,"column":74},"end":{"line":10,"column":75}},"loc":{"start":{"line":10,"column":86},"end":{"line":10,"column":121}},"line":10}},"branchMap":{},"s":{"0":2,"1":2,"2":2,"3":2,"4":2,"5":0,"6":2,"7":2,"8":2,"9":2,"10":2,"11":2,"12":2,"13":0},"f":{"0":2,"1":0,"2":2,"3":2,"4":0},"b":{},"inputSourceMap":null,"_coverageSchema":"1a1c01bbd47fc00a2c39e90264f33305004495a9","hash":"59bc7c0eabf3610e82dffc8700223089f57b6fc2"}
,"/home/cervantes/forge/peppa/lib/adapter/adapter.js": {"path":"/home/cervantes/forge/peppa/lib/adapter/adapter.js","statementMap":{"0":{"start":{"line":2,"column":22},"end":{"line":4,"column":1}},"1":{"start":{"line":3,"column":4},"end":{"line":3,"column":62}},"2":{"start":{"line":5,"column":0},"end":{"line":5,"column":62}},"3":{"start":{"line":6,"column":0},"end":{"line":6,"column":75}},"4":{"start":{"line":7,"column":20},"end":{"line":7,"column":57}},"5":{"start":{"line":8,"column":36},"end":{"line":8,"column":81}},"6":{"start":{"line":11,"column":8},"end":{"line":11,"column":31}},"7":{"start":{"line":12,"column":8},"end":{"line":12,"column":37}},"8":{"start":{"line":13,"column":8},"end":{"line":13,"column":30}},"9":{"start":{"line":14,"column":8},"end":{"line":14,"column":49}},"10":{"start":{"line":17,"column":25},"end":{"line":17,"column":57}},"11":{"start":{"line":18,"column":8},"end":{"line":21,"column":9}},"12":{"start":{"line":19,"column":12},"end":{"line":19,"column":115}},"13":{"start":{"line":20,"column":12},"end":{"line":20,"column":58}},"14":{"start":{"line":22,"column":8},"end":{"line":22,"column":26}},"15":{"start":{"line":25,"column":8},"end":{"line":25,"column":29}},"16":{"start":{"line":29,"column":0},"end":{"line":40,"column":2}},"17":{"start":{"line":30,"column":65},"end":{"line":30,"column":186}},"18":{"start":{"line":31,"column":20},"end":{"line":34,"column":6}},"19":{"start":{"line":35,"column":23},"end":{"line":35,"column":65}},"20":{"start":{"line":36,"column":4},"end":{"line":38,"column":5}},"21":{"start":{"line":37,"column":8},"end":{"line":37,"column":30}},"22":{"start":{"line":39,"column":4},"end":{"line":39,"column":22}},"23":{"start":{"line":41,"column":0},"end":{"line":43,"column":2}},"24":{"start":{"line":42,"column":4},"end":{"line":42,"column":50}},"25":{"start":{"line":44,"column":0},"end":{"line":46,"column":2}},"26":{"start":{"line":45,"column":4},"end":{"line":45,"column":21}}},"fnMap":{"0":{"name":"(anonymous_0)","decl":{"start":{"line":2,"column":56},"end":{"line":2,"column":57}},"loc":{"start":{"line":2,"column":71},"end":{"line":4,"column":1}},"line":2},"1":{"name":"(anonymous_1)","decl":{"start":{"line":10,"column":4},"end":{"line":10,"column":5}},"loc":{"start":{"line":10,"column":37},"end":{"line":15,"column":5}},"line":10},"2":{"name":"(anonymous_2)","decl":{"start":{"line":16,"column":4},"end":{"line":16,"column":5}},"loc":{"start":{"line":16,"column":46},"end":{"line":23,"column":5}},"line":16},"3":{"name":"(anonymous_3)","decl":{"start":{"line":24,"column":4},"end":{"line":24,"column":5}},"loc":{"start":{"line":24,"column":12},"end":{"line":26,"column":5}},"line":24},"4":{"name":"(anonymous_4)","decl":{"start":{"line":29,"column":18},"end":{"line":29,"column":19}},"loc":{"start":{"line":29,"column":38},"end":{"line":40,"column":1}},"line":29},"5":{"name":"(anonymous_5)","decl":{"start":{"line":41,"column":24},"end":{"line":41,"column":25}},"loc":{"start":{"line":41,"column":44},"end":{"line":43,"column":1}},"line":41},"6":{"name":"(anonymous_6)","decl":{"start":{"line":44,"column":26},"end":{"line":44,"column":27}},"loc":{"start":{"line":44,"column":32},"end":{"line":46,"column":1}},"line":44}},"branchMap":{"0":{"loc":{"start":{"line":2,"column":22},"end":{"line":4,"column":1}},"type":"binary-expr","locations":[{"start":{"line":2,"column":23},"end":{"line":2,"column":27}},{"start":{"line":2,"column":31},"end":{"line":2,"column":51}},{"start":{"line":2,"column":56},"end":{"line":4,"column":1}}],"line":2},"1":{"loc":{"start":{"line":3,"column":11},"end":{"line":3,"column":61}},"type":"cond-expr","locations":[{"start":{"line":3,"column":37},"end":{"line":3,"column":40}},{"start":{"line":3,"column":43},"end":{"line":3,"column":61}}],"line":3},"2":{"loc":{"start":{"line":3,"column":12},"end":{"line":3,"column":33}},"type":"binary-expr","locations":[{"start":{"line":3,"column":12},"end":{"line":3,"column":15}},{"start":{"line":3,"column":19},"end":{"line":3,"column":33}}],"line":3},"3":{"loc":{"start":{"line":16,"column":18},"end":{"line":16,"column":44}},"type":"default-arg","locations":[{"start":{"line":16,"column":35},"end":{"line":16,"column":44}}],"line":16},"4":{"loc":{"start":{"line":18,"column":8},"end":{"line":21,"column":9}},"type":"if","locations":[{"start":{"line":18,"column":8},"end":{"line":21,"column":9}},{"start":{"line":18,"column":8},"end":{"line":21,"column":9}}],"line":18},"5":{"loc":{"start":{"line":19,"column":25},"end":{"line":19,"column":114}},"type":"cond-expr","locations":[{"start":{"line":19,"column":42},"end":{"line":19,"column":80}},{"start":{"line":19,"column":83},"end":{"line":19,"column":114}}],"line":19},"6":{"loc":{"start":{"line":30,"column":65},"end":{"line":30,"column":186}},"type":"cond-expr","locations":[{"start":{"line":30,"column":102},"end":{"line":30,"column":116}},{"start":{"line":30,"column":119},"end":{"line":30,"column":186}}],"line":30},"7":{"loc":{"start":{"line":36,"column":4},"end":{"line":38,"column":5}},"type":"if","locations":[{"start":{"line":36,"column":4},"end":{"line":38,"column":5}},{"start":{"line":36,"column":4},"end":{"line":38,"column":5}}],"line":36}},"s":{"0":2,"1":2,"2":2,"3":2,"4":2,"5":2,"6":2,"7":2,"8":2,"9":2,"10":2,"11":2,"12":1,"13":1,"14":2,"15":2,"16":2,"17":2,"18":2,"19":2,"20":2,"21":2,"22":2,"23":2,"24":2,"25":2,"26":2},"f":{"0":2,"1":2,"2":2,"3":2,"4":2,"5":2,"6":2},"b":{"0":[2,2,2],"1":[0,2],"2":[2,2],"3":[0],"4":[1,1],"5":[1,0],"6":[0,2],"7":[2,0]},"inputSourceMap":null,"_coverageSchema":"1a1c01bbd47fc00a2c39e90264f33305004495a9","hash":"9e31dfdc9bee92be55a842e2c0480ed801855b98"}
,"/home/cervantes/forge/peppa/lib/model/model.js": {"path":"/home/cervantes/forge/peppa/lib/model/model.js","statementMap":{"0":{"start":{"line":2,"column":0},"end":{"line":2,"column":62}},"1":{"start":{"line":3,"column":0},"end":{"line":3,"column":29}},"2":{"start":{"line":4,"column":18},"end":{"line":4,"column":47}},"3":{"start":{"line":5,"column":17},"end":{"line":5,"column":44}},"4":{"start":{"line":8,"column":8},"end":{"line":8,"column":29}},"5":{"start":{"line":9,"column":8},"end":{"line":9,"column":41}},"6":{"start":{"line":10,"column":8},"end":{"line":10,"column":33}},"7":{"start":{"line":13,"column":8},"end":{"line":13,"column":60}},"8":{"start":{"line":14,"column":8},"end":{"line":14,"column":58}},"9":{"start":{"line":17,"column":0},"end":{"line":27,"column":2}},"10":{"start":{"line":18,"column":23},"end":{"line":18,"column":52}},"11":{"start":{"line":19,"column":4},"end":{"line":26,"column":6}},"12":{"start":{"line":21,"column":12},"end":{"line":21,"column":44}},"13":{"start":{"line":24,"column":12},"end":{"line":24,"column":42}}},"fnMap":{"0":{"name":"(anonymous_0)","decl":{"start":{"line":7,"column":4},"end":{"line":7,"column":5}},"loc":{"start":{"line":7,"column":48},"end":{"line":11,"column":5}},"line":7},"1":{"name":"(anonymous_1)","decl":{"start":{"line":12,"column":4},"end":{"line":12,"column":5}},"loc":{"start":{"line":12,"column":14},"end":{"line":15,"column":5}},"line":12},"2":{"name":"(anonymous_2)","decl":{"start":{"line":17,"column":22},"end":{"line":17,"column":23}},"loc":{"start":{"line":17,"column":49},"end":{"line":27,"column":1}},"line":17},"3":{"name":"(anonymous_3)","decl":{"start":{"line":20,"column":8},"end":{"line":20,"column":9}},"loc":{"start":{"line":20,"column":26},"end":{"line":22,"column":9}},"line":20},"4":{"name":"(anonymous_4)","decl":{"start":{"line":23,"column":8},"end":{"line":23,"column":9}},"loc":{"start":{"line":23,"column":28},"end":{"line":25,"column":9}},"line":23}},"branchMap":{},"s":{"0":2,"1":2,"2":2,"3":2,"4":1,"5":1,"6":1,"7":1,"8":1,"9":2,"10":2,"11":2,"12":1,"13":1},"f":{"0":1,"1":1,"2":2,"3":1,"4":1},"b":{},"inputSourceMap":null,"_coverageSchema":"1a1c01bbd47fc00a2c39e90264f33305004495a9","hash":"c74ca687808e87d19bcfe41e9ec02141c7be144f"}
,"/home/cervantes/forge/peppa/lib/schema/schema.js": {"path":"/home/cervantes/forge/peppa/lib/schema/schema.js","statementMap":{"0":{"start":{"line":2,"column":0},"end":{"line":2,"column":62}},"1":{"start":{"line":3,"column":0},"end":{"line":3,"column":32}},"2":{"start":{"line":4,"column":0},"end":{"line":11,"column":2}},"3":{"start":{"line":5,"column":17},"end":{"line":5,"column":19}},"4":{"start":{"line":6,"column":4},"end":{"line":6,"column":56}},"5":{"start":{"line":7,"column":4},"end":{"line":9,"column":5}},"6":{"start":{"line":8,"column":8},"end":{"line":8,"column":43}},"7":{"start":{"line":10,"column":4},"end":{"line":10,"column":16}},"8":{"start":{"line":12,"column":21},"end":{"line":30,"column":1}},"9":{"start":{"line":13,"column":19},"end":{"line":13,"column":21}},"10":{"start":{"line":14,"column":4},"end":{"line":28,"column":5}},"11":{"start":{"line":15,"column":27},"end":{"line":15,"column":75}},"12":{"start":{"line":16,"column":22},"end":{"line":16,"column":31}},"13":{"start":{"line":17,"column":8},"end":{"line":19,"column":9}},"14":{"start":{"line":18,"column":12},"end":{"line":18,"column":70}},"15":{"start":{"line":20,"column":8},"end":{"line":27,"column":9}},"16":{"start":{"line":21,"column":36},"end":{"line":21,"column":55}},"17":{"start":{"line":22,"column":12},"end":{"line":26,"column":13}},"18":{"start":{"line":23,"column":16},"end":{"line":25,"column":17}},"19":{"start":{"line":24,"column":20},"end":{"line":24,"column":145}},"20":{"start":{"line":29,"column":4},"end":{"line":29,"column":18}}},"fnMap":{"0":{"name":"(anonymous_0)","decl":{"start":{"line":4,"column":25},"end":{"line":4,"column":26}},"loc":{"start":{"line":4,"column":43},"end":{"line":11,"column":1}},"line":4},"1":{"name":"(anonymous_1)","decl":{"start":{"line":12,"column":21},"end":{"line":12,"column":22}},"loc":{"start":{"line":12,"column":39},"end":{"line":30,"column":1}},"line":12}},"branchMap":{"0":{"loc":{"start":{"line":7,"column":4},"end":{"line":9,"column":5}},"type":"if","locations":[{"start":{"line":7,"column":4},"end":{"line":9,"column":5}},{"start":{"line":7,"column":4},"end":{"line":9,"column":5}}],"line":7},"1":{"loc":{"start":{"line":15,"column":27},"end":{"line":15,"column":75}},"type":"binary-expr","locations":[{"start":{"line":15,"column":27},"end":{"line":15,"column":43}},{"start":{"line":15,"column":47},"end":{"line":15,"column":75}}],"line":15},"2":{"loc":{"start":{"line":17,"column":8},"end":{"line":19,"column":9}},"type":"if","locations":[{"start":{"line":17,"column":8},"end":{"line":19,"column":9}},{"start":{"line":17,"column":8},"end":{"line":19,"column":9}}],"line":17},"3":{"loc":{"start":{"line":20,"column":8},"end":{"line":27,"column":9}},"type":"if","locations":[{"start":{"line":20,"column":8},"end":{"line":27,"column":9}},{"start":{"line":20,"column":8},"end":{"line":27,"column":9}}],"line":20},"4":{"loc":{"start":{"line":23,"column":16},"end":{"line":25,"column":17}},"type":"if","locations":[{"start":{"line":23,"column":16},"end":{"line":25,"column":17}},{"start":{"line":23,"column":16},"end":{"line":25,"column":17}}],"line":23}},"s":{"0":2,"1":2,"2":2,"3":1,"4":1,"5":1,"6":0,"7":1,"8":2,"9":1,"10":1,"11":6,"12":6,"13":6,"14":0,"15":6,"16":1,"17":1,"18":2,"19":0,"20":1},"f":{"0":1,"1":1},"b":{"0":[0,1],"1":[6,1],"2":[0,6],"3":[1,5],"4":[0,2]},"inputSourceMap":null,"_coverageSchema":"1a1c01bbd47fc00a2c39e90264f33305004495a9","hash":"099052bbe48e950fd50b5fc99c19bddbef4d998f"}
,"/home/cervantes/forge/peppa/lib/utils/extract-connection-string.js": {"path":"/home/cervantes/forge/peppa/lib/utils/extract-connection-string.js","statementMap":{"0":{"start":{"line":2,"column":0},"end":{"line":2,"column":62}},"1":{"start":{"line":3,"column":0},"end":{"line":3,"column":41}},"2":{"start":{"line":4,"column":0},"end":{"line":11,"column":2}},"3":{"start":{"line":5,"column":35},"end":{"line":5,"column":60}},"4":{"start":{"line":6,"column":33},"end":{"line":6,"column":55}},"5":{"start":{"line":7,"column":22},"end":{"line":7,"column":46}},"6":{"start":{"line":8,"column":29},"end":{"line":8,"column":60}},"7":{"start":{"line":9,"column":23},"end":{"line":9,"column":55}},"8":{"start":{"line":10,"column":4},"end":{"line":10,"column":64}}},"fnMap":{"0":{"name":"(anonymous_0)","decl":{"start":{"line":4,"column":34},"end":{"line":4,"column":35}},"loc":{"start":{"line":4,"column":54},"end":{"line":11,"column":1}},"line":4}},"branchMap":{},"s":{"0":2,"1":2,"2":2,"3":3,"4":3,"5":3,"6":3,"7":3,"8":3},"f":{"0":3},"b":{},"inputSourceMap":null,"_coverageSchema":"1a1c01bbd47fc00a2c39e90264f33305004495a9","hash":"71429c7dbe6c679a5d1d57dcc71f38abce72ae69"}
}
